<?xml version="1.0" encoding="UTF-8"?>
<testsuite xmlns:xsi="http://www.w3.org/2001/XMLSchema-instance" xsi:noNamespaceSchemaLocation="https://maven.apache.org/surefire/maven-surefire-plugin/xsd/surefire-test-report.xsd" version="3.0.2" name="org.unomi.myspring.MyspringApplicationTests" time="3.962" tests="1" errors="0" skipped="0" failures="0">
  <properties>
[...]
</properties>
  <testcase name="userLoads" classname="org.unomi.myspring.MyspringApplicationTests" time="0.536">
    <system-out><![CDATA[12:20:53.825 [main] INFO org.springframework.test.context.support.AnnotationConfigContextLoaderUtils -- Could not detect default configuration classes for test class [org.unomi.myspring.MyspringApplicationTests]: MyspringApplicationTests does not declare any static, non-private, non-final, nested classes annotated with @Configuration.
12:20:53.913 [main] INFO org.springframework.boot.test.context.SpringBootTestContextBootstrapper -- Found @SpringBootConfiguration org.unomi.myspring.MyspringApplication for test class org.unomi.myspring.MyspringApplicationTests

  .   ____          _            __ _ _
 /\\ / ___'_ __ _ _(_)_ __  __ _ \ \ \ \
( ( )\___ | '_ | '_| | '_ \/ _` | \ \ \ \
 \\/  ___)| |_)| | | | | || (_| |  ) ) ) )
  '  |____| .__|_| |_|_| |_\__, | / / / /
 =========|_|==============|___/=/_/_/_/

 :: Spring Boot ::                (v3.5.4)

2025-09-18T12:20:54.253+08:00  INFO 28160 --- [myspring] [           main] o.u.myspring.MyspringApplicationTests    : Starting MyspringApplicationTests using Java 21.0.8 with PID 28160 (started by HP in C:\Users\HP\Desktop\myspring)
2025-09-18T12:20:54.254+08:00  INFO 28160 --- [myspring] [           main] o.u.myspring.MyspringApplicationTests    : No active profile set, falling back to 1 default profile: "default"
2025-09-18T12:20:54.968+08:00  INFO 28160 --- [myspring] [           main] .s.d.r.c.RepositoryConfigurationDelegate : Multiple Spring Data modules found, entering strict repository configuration mode
2025-09-18T12:20:54.969+08:00  INFO 28160 --- [myspring] [           main] .s.d.r.c.RepositoryConfigurationDelegate : Bootstrapping Spring Data JDBC repositories in DEFAULT mode.
2025-09-18T12:20:54.981+08:00  INFO 28160 --- [myspring] [           main] .s.d.r.c.RepositoryConfigurationDelegate : Finished Spring Data repository scanning in 6 ms. Found 0 JDBC repository interfaces.
2025-09-18T12:20:54.994+08:00  INFO 28160 --- [myspring] [           main] .s.d.r.c.RepositoryConfigurationDelegate : Multiple Spring Data modules found, entering strict repository configuration mode
2025-09-18T12:20:54.994+08:00  INFO 28160 --- [myspring] [           main] .s.d.r.c.RepositoryConfigurationDelegate : Bootstrapping Spring Data Redis repositories in DEFAULT mode.
2025-09-18T12:20:55.005+08:00  INFO 28160 --- [myspring] [           main] .s.d.r.c.RepositoryConfigurationDelegate : Finished Spring Data repository scanning in 3 ms. Found 0 Redis repository interfaces.
2025-09-18T12:20:56.152+08:00  INFO 28160 --- [myspring] [           main] o.s.b.a.w.s.WelcomePageHandlerMapping    : Adding welcome page: class path resource [static/index.html]
2025-09-18T12:20:56.598+08:00  INFO 28160 --- [myspring] [           main] com.zaxxer.hikari.HikariDataSource       : HikariPool-1 - Starting...
2025-09-18T12:20:56.838+08:00  INFO 28160 --- [myspring] [           main] com.zaxxer.hikari.pool.HikariPool        : HikariPool-1 - Added connection com.mysql.cj.jdbc.ConnectionImpl@45f241df
2025-09-18T12:20:56.839+08:00  INFO 28160 --- [myspring] [           main] com.zaxxer.hikari.HikariDataSource       : HikariPool-1 - Start completed.
2025-09-18T12:20:57.125+08:00  INFO 28160 --- [myspring] [           main] o.u.myspring.MyspringApplicationTests    : Started MyspringApplicationTests in 3.097 seconds (process running for 3.892)
]]></system-out>
    <system-err><![CDATA[Mockito is currently self-attaching to enable the inline-mock-maker. This will no longer work in future releases of the JDK. Please add Mockito as an agent to your build as described in Mockito's documentation: https://javadoc.io/doc/org.mockito/mockito-core/latest/org.mockito/org/mockito/Mockito.html#0.3
WARNING: A Java agent has been loaded dynamically (C:\Users\HP\.m2\repository\net\bytebuddy\byte-buddy-agent\1.17.6\byte-buddy-agent-1.17.6.jar)
WARNING: If a serviceability tool is in use, please run with -XX:+EnableDynamicAgentLoading to hide this warning
WARNING: If a serviceability tool is not in use, please run with -Djdk.instrument.traceUsage for more information
WARNING: Dynamic loading of agents will be disallowed by default in a future release
]]></system-err>
  </testcase>
</testsuite>