<?xml version="1.0" encoding="UTF-8"?>
<testsuite xmlns:xsi="http://www.w3.org/2001/XMLSchema-instance" xsi:noNamespaceSchemaLocation="https://maven.apache.org/surefire/maven-surefire-plugin/xsd/surefire-test-report.xsd" version="3.0.2" name="org.unomi.myspring.MyspringApplicationTests" time="11.417" tests="1" errors="0" skipped="0" failures="0">
  <properties>
[...]
</properties>
  <testcase name="userLoads" classname="org.unomi.myspring.MyspringApplicationTests" time="1.469">
    <system-out><![CDATA[20:43:36.057 [main] INFO org.springframework.test.context.support.AnnotationConfigContextLoaderUtils -- Could not detect default configuration classes for test class [org.unomi.myspring.MyspringApplicationTests]: MyspringApplicationTests does not declare any static, non-private, non-final, nested classes annotated with @Configuration.
20:43:36.334 [main] INFO org.springframework.boot.test.context.SpringBootTestContextBootstrapper -- Found @SpringBootConfiguration org.unomi.myspring.MyspringApplication for test class org.unomi.myspring.MyspringApplicationTests

  .   ____          _            __ _ _
 /\\ / ___'_ __ _ _(_)_ __  __ _ \ \ \ \
( ( )\___ | '_ | '_| | '_ \/ _` | \ \ \ \
 \\/  ___)| |_)| | | | | || (_| |  ) ) ) )
  '  |____| .__|_| |_|_| |_\__, | / / / /
 =========|_|==============|___/=/_/_/_/

 :: Spring Boot ::                (v3.5.4)

2025-09-19T20:43:37.531+08:00  INFO 40139 --- [myspring] [           main] o.u.myspring.MyspringApplicationTests    : Starting MyspringApplicationTests using Java 21.0.5 with PID 40139 (started by unomi in /Users/unomi/IdeaProjects/myspring)
2025-09-19T20:43:37.535+08:00  INFO 40139 --- [myspring] [           main] o.u.myspring.MyspringApplicationTests    : No active profile set, falling back to 1 default profile: "default"
2025-09-19T20:43:39.957+08:00  INFO 40139 --- [myspring] [           main] .s.d.r.c.RepositoryConfigurationDelegate : Multiple Spring Data modules found, entering strict repository configuration mode
2025-09-19T20:43:39.968+08:00  INFO 40139 --- [myspring] [           main] .s.d.r.c.RepositoryConfigurationDelegate : Bootstrapping Spring Data JDBC repositories in DEFAULT mode.
2025-09-19T20:43:40.064+08:00  INFO 40139 --- [myspring] [           main] .s.d.r.c.RepositoryConfigurationDelegate : Finished Spring Data repository scanning in 46 ms. Found 0 JDBC repository interfaces.
2025-09-19T20:43:40.154+08:00  INFO 40139 --- [myspring] [           main] .s.d.r.c.RepositoryConfigurationDelegate : Multiple Spring Data modules found, entering strict repository configuration mode
2025-09-19T20:43:40.158+08:00  INFO 40139 --- [myspring] [           main] .s.d.r.c.RepositoryConfigurationDelegate : Bootstrapping Spring Data Redis repositories in DEFAULT mode.
2025-09-19T20:43:40.211+08:00  INFO 40139 --- [myspring] [           main] .s.d.r.c.RepositoryConfigurationDelegate : Finished Spring Data repository scanning in 24 ms. Found 0 Redis repository interfaces.
2025-09-19T20:43:44.211+08:00  INFO 40139 --- [myspring] [           main] o.s.b.a.w.s.WelcomePageHandlerMapping    : Adding welcome page: class path resource [static/index.html]
2025-09-19T20:43:44.787+08:00  INFO 40139 --- [myspring] [           main] com.zaxxer.hikari.HikariDataSource       : HikariPool-1 - Starting...
2025-09-19T20:43:45.196+08:00  INFO 40139 --- [myspring] [           main] com.zaxxer.hikari.pool.HikariPool        : HikariPool-1 - Added connection com.mysql.cj.jdbc.ConnectionImpl@3dd66ff5
2025-09-19T20:43:45.199+08:00  INFO 40139 --- [myspring] [           main] com.zaxxer.hikari.HikariDataSource       : HikariPool-1 - Start completed.
2025-09-19T20:43:45.703+08:00  INFO 40139 --- [myspring] [           main] o.u.myspring.MyspringApplicationTests    : Started MyspringApplicationTests in 8.913 seconds (process running for 10.848)
]]></system-out>
    <system-err><![CDATA[Mockito is currently self-attaching to enable the inline-mock-maker. This will no longer work in future releases of the JDK. Please add Mockito as an agent to your build as described in Mockito's documentation: https://javadoc.io/doc/org.mockito/mockito-core/latest/org.mockito/org/mockito/Mockito.html#0.3
WARNING: A Java agent has been loaded dynamically (/Users/unomi/.m2/repository/net/bytebuddy/byte-buddy-agent/1.17.6/byte-buddy-agent-1.17.6.jar)
WARNING: If a serviceability tool is in use, please run with -XX:+EnableDynamicAgentLoading to hide this warning
WARNING: If a serviceability tool is not in use, please run with -Djdk.instrument.traceUsage for more information
WARNING: Dynamic loading of agents will be disallowed by default in a future release
]]></system-err>
  </testcase>
</testsuite>